[3968473.051] {Default Queue}  -> wl_display#1.get_registry(new id wl_registry#2)
[3968473.076] {Default Queue}  -> wl_display#1.sync(new id wl_callback#3)
[3968477.422] {Display Queue} wl_display#1.delete_id(3)
[3968477.435] {Default Queue} wl_registry#2.global(1, "wl_seat", 9)
[3968477.440] {Default Queue}  -> wl_registry#2.bind(1, "wl_seat", 2, new id [unknown]#4)
[3968477.444] {Default Queue} wl_registry#2.global(2, "wl_data_device_manager", 3)
[3968477.446] {Default Queue}  -> wl_registry#2.bind(2, "wl_data_device_manager", 1, new id [unknown]#5)
[3968477.448] {Default Queue} wl_registry#2.global(3, "wl_compositor", 6)
[3968477.449] {Default Queue}  -> wl_registry#2.bind(3, "wl_compositor", 2, new id [unknown]#6)
[3968477.451] {Default Queue} wl_registry#2.global(4, "wl_subcompositor", 1)
[3968477.452] {Default Queue} wl_registry#2.global(5, "wl_shm", 2)
[3968477.453] {Default Queue}  -> wl_registry#2.bind(5, "wl_shm", 1, new id [unknown]#7)
[3968477.455] {Default Queue} wl_registry#2.global(6, "wp_viewporter", 1)
[3968477.456] {Default Queue} wl_registry#2.global(7, "wp_tearing_control_manager_v1", 1)
[3968477.457] {Default Queue} wl_registry#2.global(8, "wp_fractional_scale_manager_v1", 1)
[3968477.459] {Default Queue} wl_registry#2.global(9, "zxdg_output_manager_v1", 3)
[3968477.460] {Default Queue} wl_registry#2.global(10, "wp_cursor_shape_manager_v1", 2)
[3968477.461] {Default Queue} wl_registry#2.global(11, "zwp_idle_inhibit_manager_v1", 1)
[3968477.463] {Default Queue} wl_registry#2.global(12, "zwp_relative_pointer_manager_v1", 1)
[3968477.464] {Default Queue} wl_registry#2.global(13, "zxdg_decoration_manager_v1", 2)
[3968477.465] {Default Queue} wl_registry#2.global(14, "wp_alpha_modifier_v1", 1)
[3968477.467] {Default Queue} wl_registry#2.global(15, "zwlr_gamma_control_manager_v1", 1)
[3968477.468] {Default Queue} wl_registry#2.global(16, "ext_foreign_toplevel_list_v1", 1)
[3968477.470] {Default Queue} wl_registry#2.global(17, "zwp_pointer_gestures_v1", 3)
[3968477.471] {Default Queue} wl_registry#2.global(18, "zwlr_foreign_toplevel_manager_v1", 3)
[3968477.472] {Default Queue} wl_registry#2.global(19, "zwp_keyboard_shortcuts_inhibit_manager_v1", 1)
[3968477.474] {Default Queue} wl_registry#2.global(20, "zwp_text_input_manager_v1", 1)
[3968477.475] {Default Queue} wl_registry#2.global(21, "zwp_text_input_manager_v3", 1)
[3968477.476] {Default Queue} wl_registry#2.global(22, "zwp_pointer_constraints_v1", 1)
[3968477.478] {Default Queue} wl_registry#2.global(23, "zwlr_output_power_manager_v1", 1)
[3968477.479] {Default Queue} wl_registry#2.global(24, "xdg_activation_v1", 1)
[3968477.481] {Default Queue}  -> wl_registry#2.bind(24, "xdg_activation_v1", 1, new id [unknown]#8)
[3968477.482] {Default Queue} wl_registry#2.global(25, "ext_idle_notifier_v1", 2)
[3968477.483] {Default Queue} wl_registry#2.global(26, "hyprland_lock_notifier_v1", 1)
[3968477.485] {Default Queue} wl_registry#2.global(27, "ext_session_lock_manager_v1", 1)
[3968477.486] {Default Queue} wl_registry#2.global(28, "zwp_input_method_manager_v2", 1)
[3968477.487] {Default Queue} wl_registry#2.global(29, "zwp_virtual_keyboard_manager_v1", 1)
[3968477.489] {Default Queue} wl_registry#2.global(30, "zwlr_virtual_pointer_manager_v1", 2)
[3968477.490] {Default Queue} wl_registry#2.global(31, "zwlr_output_manager_v1", 4)
[3968477.491] {Default Queue} wl_registry#2.global(32, "org_kde_kwin_server_decoration_manager", 1)
[3968477.493] {Default Queue} wl_registry#2.global(33, "hyprland_focus_grab_manager_v1", 1)
[3968477.494] {Default Queue} wl_registry#2.global(34, "zwp_tablet_manager_v2", 1)
[3968477.495] {Default Queue} wl_registry#2.global(35, "zwlr_layer_shell_v1", 5)
[3968477.496] {Default Queue} wl_registry#2.global(36, "wp_presentation", 2)
[3968477.498] {Default Queue} wl_registry#2.global(37, "xdg_wm_base", 7)
[3968477.499] {Default Queue}  -> wl_registry#2.bind(37, "xdg_wm_base", 1, new id [unknown]#9)
[3968477.501] {Default Queue} wl_registry#2.global(38, "zwlr_data_control_manager_v1", 2)
[3968477.502] {Default Queue}  -> wl_registry#2.bind(38, "zwlr_data_control_manager_v1", 2, new id [unknown]#10)
[3968477.509] {Default Queue} wl_registry#2.global(39, "zwp_primary_selection_device_manager_v1", 1)
[3968477.514] {Default Queue}  -> wl_registry#2.bind(39, "zwp_primary_selection_device_manager_v1", 1, new id [unknown]#11)
[3968477.516] {Default Queue} wl_registry#2.global(40, "xwayland_shell_v1", 1)
[3968477.517] {Default Queue} wl_registry#2.global(41, "hyprland_toplevel_mapping_manager_v1", 1)
[3968477.518] {Default Queue} wl_registry#2.global(42, "hyprland_global_shortcuts_manager_v1", 1)
[3968477.520] {Default Queue} wl_registry#2.global(43, "xdg_wm_dialog_v1", 1)
[3968477.521] {Default Queue} wl_registry#2.global(44, "wp_single_pixel_buffer_manager_v1", 1)
[3968477.522] {Default Queue} wl_registry#2.global(45, "wp_security_context_manager_v1", 1)
[3968477.524] {Default Queue} wl_registry#2.global(46, "hyprland_ctm_control_manager_v1", 2)
[3968477.525] {Default Queue} wl_registry#2.global(47, "hyprland_surface_manager_v1", 2)
[3968477.526] {Default Queue} wl_registry#2.global(48, "wp_content_type_manager_v1", 1)
[3968477.528] {Default Queue} wl_registry#2.global(49, "xdg_toplevel_tag_manager_v1", 1)
[3968477.529] {Default Queue} wl_registry#2.global(50, "xdg_system_bell_v1", 1)
[3968477.530] {Default Queue} wl_registry#2.global(51, "ext_workspace_manager_v1", 1)
[3968477.532] {Default Queue} wl_registry#2.global(52, "ext_data_control_manager_v1", 1)
[3968477.614] {Default Queue}  -> wl_registry#2.bind(52, "ext_data_control_manager_v1", 1, new id [unknown]#12)
[3968477.616] {Default Queue} wl_registry#2.global(53, "wp_pointer_warp_v1", 1)
[3968477.617] {Default Queue} wl_registry#2.global(54, "wp_fifo_manager_v1", 1)
[3968477.619] {Default Queue} wl_registry#2.global(55, "zxdg_exporter_v2", 1)
[3968477.620] {Default Queue} wl_registry#2.global(56, "zxdg_importer_v2", 1)
[3968477.621] {Default Queue} wl_registry#2.global(57, "wp_commit_timing_manager_v1", 1)
[3968477.623] {Default Queue} wl_registry#2.global(58, "zwlr_screencopy_manager_v1", 3)
[3968477.624] {Default Queue} wl_registry#2.global(59, "hyprland_toplevel_export_manager_v1", 2)
[3968477.625] {Default Queue} wl_registry#2.global(60, "ext_output_image_capture_source_manager_v1", 1)
[3968477.627] {Default Queue} wl_registry#2.global(61, "ext_foreign_toplevel_image_capture_source_manager_v1", 1)
[3968477.628] {Default Queue} wl_registry#2.global(62, "ext_image_copy_capture_manager_v1", 1)
[3968477.629] {Default Queue} wl_registry#2.global(63, "wp_color_manager_v1", 1)
[3968477.631] {Default Queue} wl_registry#2.global(64, "wp_drm_lease_device_v1", 1)
[3968477.632] {Default Queue} wl_registry#2.global(65, "wp_linux_drm_syncobj_manager_v1", 1)
[3968477.634] {Default Queue} wl_registry#2.global(66, "wp_drm_lease_device_v1", 1)
[3968477.635] {Default Queue} wl_registry#2.global(67, "wl_drm", 2)
[3968477.636] {Default Queue} wl_registry#2.global(68, "zwp_linux_dmabuf_v1", 5)
[3968477.638] {Default Queue} wl_registry#2.global(69, "wl_output", 4)
[3968477.639] {Default Queue} wl_registry#2.global(70, "wl_output", 4)
[3968477.640] {Default Queue} wl_callback#3.done(54467)
[3968477.644] {Default Queue}  -> wl_display#1.sync(new id wl_callback#3)
[3968477.701] {Display Queue} wl_display#1.delete_id(3)
[3968477.702] {Default Queue} wl_seat#4.name("Hyprland")
[3968477.704] {Default Queue} wl_seat#4.capabilities(3)
[3968477.706] {Default Queue} discarded wl_shm#7.format(0)
[3968477.707] {Default Queue} discarded wl_shm#7.format(1)
[3968477.708] {Default Queue} discarded wl_shm#7.format(875709016)
[3968477.709] {Default Queue} discarded wl_shm#7.format(875708993)
[3968477.710] {Default Queue} discarded wl_shm#7.format(808669784)
[3968477.711] {Default Queue} discarded wl_shm#7.format(808669761)
[3968477.713] {Default Queue} discarded wl_shm#7.format(808665688)
[3968477.714] {Default Queue} discarded wl_shm#7.format(808665665)
[3968477.715] {Default Queue} wl_callback#3.done(54467)
[3968477.717] {Default Queue}  -> ext_data_control_manager_v1#12.get_data_device(new id ext_data_control_device_v1#3, wl_seat#4)
[3968477.721] {Default Queue}  -> wl_display#1.sync(new id wl_callback#13)
[3968477.743] {Display Queue} wl_display#1.delete_id(13)
[3968477.745] {Default Queue} ext_data_control_device_v1#3.data_offer(new id ext_data_control_offer_v1#4278190080)
[3968477.747] {Default Queue} ext_data_control_offer_v1#4278190080.offer("text/plain")
[3968477.748] {Default Queue} ext_data_control_offer_v1#4278190080.offer("text/plain;charset=utf-8")
[3968477.750] {Default Queue} ext_data_control_offer_v1#4278190080.offer("UTF8_STRING")
[3968477.751] {Default Queue} ext_data_control_offer_v1#4278190080.offer("chromium/x-internal-source-rfh-token")
[3968477.752] {Default Queue} ext_data_control_offer_v1#4278190080.offer("text/plain;charset=utf-8")
[3968477.753] {Default Queue} ext_data_control_offer_v1#4278190080.offer("TEXT")
[3968477.755] {Default Queue} ext_data_control_offer_v1#4278190080.offer("STRING")
[3968477.756] {Default Queue} ext_data_control_offer_v1#4278190080.offer("chromium/x-source-url")
[3968477.757] {Default Queue} ext_data_control_device_v1#3.selection(ext_data_control_offer_v1#4278190080)
[3968477.759] {Default Queue}  -> ext_data_control_offer_v1#4278190080.destroy()
[3968477.761] {Default Queue} ext_data_control_device_v1#3.primary_selection(nil)
[3968477.762] {Default Queue} wl_callback#13.done(54467)
[3968477.764] {Default Queue}  -> ext_data_control_manager_v1#12.create_data_source(new id ext_data_control_source_v1#13)
[3968477.766] {Default Queue}  -> ext_data_control_source_v1#13.offer("text/plain")
[3968477.767] {Default Queue}  -> ext_data_control_source_v1#13.offer("text/plain;charset=utf-8")
[3968477.768] {Default Queue}  -> ext_data_control_source_v1#13.offer("TEXT")
[3968477.770] {Default Queue}  -> ext_data_control_source_v1#13.offer("STRING")
[3968477.771] {Default Queue}  -> ext_data_control_source_v1#13.offer("UTF8_STRING")
[3968477.772] {Default Queue}  -> ext_data_control_device_v1#3.set_primary_selection(ext_data_control_source_v1#13)
[3968477.773] {Default Queue}  -> wl_display#1.sync(new id wl_callback#14)
[3968477.827] {Display Queue} wl_display#1.delete_id(14)
[3968477.838] {Default Queue} ext_data_control_device_v1#3.data_offer(new id ext_data_control_offer_v1#4278190080)
[3968477.841] {Default Queue} ext_data_control_offer_v1#4278190080.offer("text/plain")
[3968477.843] {Default Queue} ext_data_control_offer_v1#4278190080.offer("text/plain;charset=utf-8")
[3968477.845] {Default Queue} ext_data_control_offer_v1#4278190080.offer("TEXT")
[3968477.846] {Default Queue} ext_data_control_offer_v1#4278190080.offer("STRING")
[3968477.848] {Default Queue} ext_data_control_offer_v1#4278190080.offer("UTF8_STRING")
[3968477.849] {Default Queue} ext_data_control_device_v1#3.primary_selection(ext_data_control_offer_v1#4278190080)
[3968477.851] {Default Queue}  -> ext_data_control_offer_v1#4278190080.destroy()
[3968477.853] {Default Queue} wl_callback#14.done(54467)
[4014301.436] {Default Queue} ext_data_control_source_v1#13.cancelled()
